Error type: TimeoutError
Traceback (most recent call last):
  File "/nix/store/7d088dip86hlzri9sk0h78b63yfmx0a0-python3-3.11.13/lib/python3.11/asyncio/tasks.py", line 500, in wait_for
    return fut.result()
           ^^^^^^^^^^^^
  File "/home/runner/workspace/.pythonlibs/lib/python3.11/site-packages/discord/voice_state.py", line 413, in _inner_connect
    await self._handshake_websocket()
  File "/home/runner/workspace/.pythonlibs/lib/python3.11/site-packages/discord/voice_state.py", line 586, in _handshake_websocket
    await self.ws.poll_event()
  File "/home/runner/workspace/.pythonlibs/lib/python3.11/site-packages/discord/gateway.py", line 1047, in poll_event
    await self.received_message(utils._from_json(msg.data))
  File "/home/runner/workspace/.pythonlibs/lib/python3.11/site-packages/discord/gateway.py", line 953, in received_message
    await self.initial_connection(data)
  File "/home/runner/workspace/.pythonlibs/lib/python3.11/site-packages/discord/gateway.py", line 978, in initial_connection
    state.ip, state.port = await self.discover_ip()
                           ^^^^^^^^^^^^^^^^^^^^^^^^
  File "/home/runner/workspace/.pythonlibs/lib/python3.11/site-packages/discord/gateway.py", line 1005, in discover_ip
    recv = await fut
           ^^^^^^^^^
asyncio.exceptions.CancelledError

The above exception was the direct cause of the following exception:

Traceback (most recent call last):
  File "/home/runner/workspace/main.py", line 117, in on_ready
    vc = await voice_channel.connect()
         ^^^^^^^^^^^^^^^^^^^^^^^^^^^^^
  File "/home/runner/workspace/.pythonlibs/lib/python3.11/site-packages/discord/abc.py", line 2149, in connect
    await voice.connect(timeout=timeout, reconnect=reconnect, self_deaf=self_deaf, self_mute=self_mute)
  File "/home/runner/workspace/.pythonlibs/lib/python3.11/site-packages/discord/voice_client.py", line 306, in connect
    await self._connection.connect(
  File "/home/runner/workspace/.pythonlibs/lib/python3.11/site-packages/discord/voice_state.py", line 380, in connect
    await self._connector
  File "/home/runner/workspace/.pythonlibs/lib/python3.11/site-packages/discord/voice_state.py", line 384, in _wrap_connect
    await self._connect(*args)
  File "/home/runner/workspace/.pythonlibs/lib/python3.11/site-packages/discord/voice_state.py", line 429, in _connect
    await asyncio.wait_for(
  File "/nix/store/7d088dip86hlzri9sk0h78b63yfmx0a0-python3-3.11.13/lib/python3.11/asyncio/tasks.py", line 502, in wait_for
    raise exceptions.TimeoutError() from exc
TimeoutError